nohup: ignoring input
==========================================================================================
Pilot fold 0 and fold 4 comparison
==========================================================================================

Foldwise:
                      run  fold  selection_score  mean_dice_no_bg  minority_dice_c2_c3_c4  mean_iou_no_bg  dice_c2  dice_c4  weighted_kappa_fg  ordinal_mae_fg
               ResUNet-DS     0         0.713886         0.736617                0.698731        0.589762 0.623807 0.760567           0.972762        0.051231
               ResUNet-DS     4         0.699261         0.724988                0.682110        0.578769 0.564029 0.750098           0.972044        0.048245
        Original proposed     0         0.751582         0.749962                0.715527        0.606222 0.639301 0.781657           0.972771        0.052404
        Original proposed     4         0.722666         0.723878                0.680507        0.577187 0.566549 0.742217           0.971979        0.047406
T1 ord0.05_ft0.25_amc0.65     0         0.735426         0.733220                0.696847        0.586736 0.596792 0.778239           0.973520        0.050504
T1 ord0.05_ft0.25_amc0.65     4         0.732602         0.734038                0.691988        0.591407 0.556267 0.770667           0.971983        0.048057
T2 ord0.05_ft0.00_amc0.65     0         0.729163         0.728628                0.688961        0.581333 0.590536 0.758133           0.971983        0.052433
T2 ord0.05_ft0.00_amc0.65     4         0.723498         0.725843                0.681395        0.582320 0.537731 0.760885           0.969082        0.052916

Summary:
                      run mean_dice_no_bg_mean_sd minority_dice_c2_c3_c4_mean_sd mean_iou_no_bg_mean_sd dice_c2_mean_sd dice_c4_mean_sd weighted_kappa_fg_mean_sd ordinal_mae_fg_mean_sd
               ResUNet-DS         0.7308 ± 0.0082                0.6904 ± 0.0118        0.5843 ± 0.0078 0.5939 ± 0.0423 0.7553 ± 0.0074           0.9724 ± 0.0005        0.0497 ± 0.0021
        Original proposed         0.7369 ± 0.0184                0.6980 ± 0.0248        0.5917 ± 0.0205 0.6029 ± 0.0514 0.7619 ± 0.0279           0.9724 ± 0.0006        0.0499 ± 0.0035
T1 ord0.05_ft0.25_amc0.65         0.7336 ± 0.0006                0.6944 ± 0.0034        0.5891 ± 0.0033 0.5765 ± 0.0287 0.7745 ± 0.0054           0.9728 ± 0.0011        0.0493 ± 0.0017
T2 ord0.05_ft0.00_amc0.65         0.7272 ± 0.0020                0.6852 ± 0.0053        0.5818 ± 0.0007 0.5641 ± 0.0373 0.7595 ± 0.0019           0.9705 ± 0.0021        0.0527 ± 0.0003

Delta vs ResUNet-DS:
                      run  delta_mean_dice_vs_resunet  delta_minority_dice_vs_resunet  delta_mean_iou_vs_resunet  delta_dice_c2_vs_resunet  delta_dice_c4_vs_resunet  delta_ordinal_mae_vs_resunet  delta_kappa_vs_resunet
        Original proposed                    0.006118                        0.007596                   0.007439                  0.009007                  0.006604                      0.000167               -0.000027
T1 ord0.05_ft0.25_amc0.65                    0.002826                        0.003997                   0.004806                 -0.017388                  0.019120                     -0.000458                0.000349
T2 ord0.05_ft0.00_amc0.65                   -0.003567                       -0.005243                  -0.002439                 -0.029785                  0.004176                      0.002936               -0.001870

Saved:
/home/ubuntu/storage3/ER Segmentation/ER_IHC_Q1/outputs/tables/results/pilot_tuning_fold0_fold4_comparison.csv
/home/ubuntu/storage3/ER Segmentation/ER_IHC_Q1/outputs/tables/results/pilot_tuning_fold0_fold4_summary.csv
/home/ubuntu/storage3/ER Segmentation/ER_IHC_Q1/outputs/tables/results/pilot_tuning_fold0_fold4_delta_vs_resunet.csv
