nohup: ignoring input
==========================================================================================
All tuned pilot comparison: folds 0 and 4
==========================================================================================

Foldwise:
                                     run  fold  selection_score  mean_dice_no_bg  minority_dice_c2_c3_c4  mean_iou_no_bg  dice_c2  dice_c4  weighted_kappa_fg  ordinal_mae_fg
                              ResUNet-DS     0         0.713886         0.736617                0.698731        0.589762 0.623807 0.760567           0.972762        0.051231
                              ResUNet-DS     4         0.699261         0.724988                0.682110        0.578769 0.564029 0.750098           0.972044        0.048245
Original proposed ord0.10_ft0.50_amc0.85     0         0.751582         0.749962                0.715527        0.606222 0.639301 0.781657           0.972771        0.052404
Original proposed ord0.10_ft0.50_amc0.85     4         0.722666         0.723878                0.680507        0.577187 0.566549 0.742217           0.971979        0.047406
               T1 ord0.05_ft0.25_amc0.65     0         0.735426         0.733220                0.696847        0.586736 0.596792 0.778239           0.973520        0.050504
               T1 ord0.05_ft0.25_amc0.65     4         0.732602         0.734038                0.691988        0.591407 0.556267 0.770667           0.971983        0.048057
               T2 ord0.05_ft0.00_amc0.65     0         0.729163         0.728628                0.688961        0.581333 0.590536 0.758133           0.971983        0.052433
               T2 ord0.05_ft0.00_amc0.65     4         0.723498         0.725843                0.681395        0.582320 0.537731 0.760885           0.969082        0.052916
               T3 ord0.05_ft0.50_amc0.65     0         0.732139         0.732029                0.692310        0.584754 0.610556 0.757171           0.971442        0.055207
               T3 ord0.05_ft0.50_amc0.65     4         0.735972         0.735334                0.696487        0.590663 0.580516 0.764937           0.974794        0.042482
               T4 ord0.10_ft0.50_amc0.65     0         0.733291         0.732910                0.693947        0.586805 0.594987 0.772105           0.970492        0.055445
               T4 ord0.10_ft0.50_amc0.65     4         0.727162         0.727101                0.685607        0.582787 0.546420 0.767947           0.976673        0.041326

Summary:
                                     run mean_dice_no_bg_mean_sd minority_dice_c2_c3_c4_mean_sd mean_iou_no_bg_mean_sd dice_c2_mean_sd dice_c4_mean_sd weighted_kappa_fg_mean_sd ordinal_mae_fg_mean_sd
                              ResUNet-DS         0.7308 ± 0.0082                0.6904 ± 0.0118        0.5843 ± 0.0078 0.5939 ± 0.0423 0.7553 ± 0.0074           0.9724 ± 0.0005        0.0497 ± 0.0021
Original proposed ord0.10_ft0.50_amc0.85         0.7369 ± 0.0184                0.6980 ± 0.0248        0.5917 ± 0.0205 0.6029 ± 0.0514 0.7619 ± 0.0279           0.9724 ± 0.0006        0.0499 ± 0.0035
               T1 ord0.05_ft0.25_amc0.65         0.7336 ± 0.0006                0.6944 ± 0.0034        0.5891 ± 0.0033 0.5765 ± 0.0287 0.7745 ± 0.0054           0.9728 ± 0.0011        0.0493 ± 0.0017
               T2 ord0.05_ft0.00_amc0.65         0.7272 ± 0.0020                0.6852 ± 0.0053        0.5818 ± 0.0007 0.5641 ± 0.0373 0.7595 ± 0.0019           0.9705 ± 0.0021        0.0527 ± 0.0003
               T3 ord0.05_ft0.50_amc0.65         0.7337 ± 0.0023                0.6944 ± 0.0030        0.5877 ± 0.0042 0.5955 ± 0.0212 0.7611 ± 0.0055           0.9731 ± 0.0024        0.0488 ± 0.0090
               T4 ord0.10_ft0.50_amc0.65         0.7300 ± 0.0041                0.6898 ± 0.0059        0.5848 ± 0.0028 0.5707 ± 0.0343 0.7700 ± 0.0029           0.9736 ± 0.0044        0.0484 ± 0.0100

Delta vs ResUNet-DS:
                                     run  delta_mean_dice_vs_resunet  delta_minority_dice_vs_resunet  delta_mean_iou_vs_resunet  delta_precision_vs_resunet  delta_recall_vs_resunet  delta_dice_c1_vs_resunet  delta_dice_c2_vs_resunet  delta_dice_c3_vs_resunet  delta_dice_c4_vs_resunet  delta_ordinal_mae_vs_resunet  delta_kappa_vs_resunet
Original proposed ord0.10_ft0.50_amc0.85                    0.006118                        0.007596                   0.007439                    0.009090                 0.002107                  0.001681                  0.009007                  0.007179                  0.006604                      0.000167               -0.000027
               T1 ord0.05_ft0.25_amc0.65                    0.002826                        0.003997                   0.004806                    0.013379                -0.003481                 -0.000686                 -0.017388                  0.010259                  0.019120                     -0.000458                0.000349
               T2 ord0.05_ft0.00_amc0.65                   -0.003567                       -0.005243                  -0.002439                    0.009773                -0.004522                  0.001462                 -0.029785                  0.009880                  0.004176                      0.002936               -0.001870
               T3 ord0.05_ft0.50_amc0.65                    0.002879                        0.003978                   0.003443                    0.001729                 0.006181                 -0.000417                  0.001618                  0.004594                  0.005721                     -0.000893                0.000715
               T4 ord0.10_ft0.50_amc0.65                   -0.000797                       -0.000644                   0.000530                    0.000536                 0.004908                 -0.001259                 -0.023214                  0.006590                  0.014693                     -0.001352                0.001180

Ranked decision:
                                     run  decision_score  delta_mean_dice_vs_resunet  delta_minority_dice_vs_resunet  delta_mean_iou_vs_resunet  delta_dice_c2_vs_resunet  delta_dice_c4_vs_resunet  delta_ordinal_mae_vs_resunet
Original proposed ord0.10_ft0.50_amc0.85        0.028868                    0.006118                        0.007596                   0.007439                  0.009007                  0.006604                      0.000167
               T3 ord0.05_ft0.50_amc0.65        0.014595                    0.002879                        0.003978                   0.003443                  0.001618                  0.005721                     -0.000893
               T1 ord0.05_ft0.25_amc0.65        0.012811                    0.002826                        0.003997                   0.004806                 -0.017388                  0.019120                     -0.000458
               T4 ord0.10_ft0.50_amc0.65       -0.004200                   -0.000797                       -0.000644                   0.000530                 -0.023214                  0.014693                     -0.001352
               T2 ord0.05_ft0.00_amc0.65       -0.025989                   -0.003567                       -0.005243                  -0.002439                 -0.029785                  0.004176                      0.002936

Saved:
/home/ubuntu/storage3/ER Segmentation/ER_IHC_Q1/outputs/tables/results/pilot_tuning_all_fold0_fold4_comparison.csv
/home/ubuntu/storage3/ER Segmentation/ER_IHC_Q1/outputs/tables/results/pilot_tuning_all_fold0_fold4_summary.csv
/home/ubuntu/storage3/ER Segmentation/ER_IHC_Q1/outputs/tables/results/pilot_tuning_all_fold0_fold4_delta_vs_resunet.csv
/home/ubuntu/storage3/ER Segmentation/ER_IHC_Q1/outputs/tables/results/pilot_tuning_all_fold0_fold4_ranked.csv
