nohup: ignoring input
==========================================================================================
C4-protective pilot comparison: folds 3 and 4
==========================================================================================

Foldwise:
                   run  fold  selection_score  mean_dice_no_bg  minority_dice_c2_c3_c4  mean_iou_no_bg  dice_c2  dice_c3  dice_c4   iou_c4  weighted_kappa_fg  ordinal_mae_fg
            ResUNet-DS     3         0.708671         0.732773                0.692603        0.589835 0.557115 0.726480 0.794214 0.658669           0.977520        0.043790
            ResUNet-DS     4         0.699261         0.724988                0.682110        0.578769 0.564029 0.732204 0.750098 0.600126           0.972044        0.048245
     Original proposed     3         0.722466         0.724390                0.679585        0.576557 0.594420 0.706296 0.738041 0.584837           0.973976        0.049339
     Original proposed     4         0.722666         0.723878                0.680507        0.577187 0.566549 0.732757 0.742217 0.590099           0.971979        0.047406
C4-protective proposed     3         0.718391         0.735108                0.695352        0.592161 0.573220 0.709439 0.803397 0.671398           0.979046        0.042215
C4-protective proposed     4         0.702548         0.722133                0.678334        0.579015 0.521586 0.729769 0.783648 0.644260           0.967528        0.056019

Summary:
                   run mean_dice_no_bg_mean_sd minority_dice_c2_c3_c4_mean_sd mean_iou_no_bg_mean_sd dice_c2_mean_sd dice_c3_mean_sd dice_c4_mean_sd  iou_c4_mean_sd weighted_kappa_fg_mean_sd ordinal_mae_fg_mean_sd
            ResUNet-DS         0.7289 ± 0.0055                0.6874 ± 0.0074        0.5843 ± 0.0078 0.5606 ± 0.0049 0.7293 ± 0.0040 0.7722 ± 0.0312 0.6294 ± 0.0414           0.9748 ± 0.0039        0.0460 ± 0.0031
     Original proposed         0.7241 ± 0.0004                0.6800 ± 0.0007        0.5769 ± 0.0004 0.5805 ± 0.0197 0.7195 ± 0.0187 0.7401 ± 0.0030 0.5875 ± 0.0037           0.9730 ± 0.0014        0.0484 ± 0.0014
C4-protective proposed         0.7286 ± 0.0092                0.6868 ± 0.0120        0.5856 ± 0.0093 0.5474 ± 0.0365 0.7196 ± 0.0144 0.7935 ± 0.0140 0.6578 ± 0.0192           0.9733 ± 0.0081        0.0491 ± 0.0098

Delta vs ResUNet-DS:
                   run  delta_mean_dice_vs_resunet  delta_minority_dice_vs_resunet  delta_mean_iou_vs_resunet  delta_precision_vs_resunet  delta_recall_vs_resunet  delta_dice_c1_vs_resunet  delta_dice_c2_vs_resunet  delta_dice_c3_vs_resunet  delta_dice_c4_vs_resunet  delta_iou_c4_vs_resunet  delta_kappa_vs_resunet  delta_ordinal_mae_vs_resunet
     Original proposed                   -0.004747                       -0.007310                  -0.007430                    0.005814                -0.018132                  0.002944                  0.019912                 -0.009816                 -0.032028                -0.041930               -0.001804                      0.002355
C4-protective proposed                   -0.000260                       -0.000514                   0.001286                   -0.000369                 0.011059                  0.000502                 -0.013169                 -0.009738                  0.021366                 0.028432               -0.001494                      0.003099

Ranked:
                   run  decision_score  delta_mean_dice_vs_resunet  delta_minority_dice_vs_resunet  delta_dice_c2_vs_resunet  delta_dice_c4_vs_resunet  delta_ordinal_mae_vs_resunet
C4-protective proposed        0.008029                   -0.000260                       -0.000514                 -0.013169                  0.021366                      0.003099
     Original proposed       -0.035180                   -0.004747                       -0.007310                  0.019912                 -0.032028                      0.002355

Saved:
/home/ubuntu/storage3/ER Segmentation/ER_IHC_Q1/outputs/tables/results/c4_protective_pilot_folds3_4_comparison.csv
/home/ubuntu/storage3/ER Segmentation/ER_IHC_Q1/outputs/tables/results/c4_protective_pilot_folds3_4_summary.csv
/home/ubuntu/storage3/ER Segmentation/ER_IHC_Q1/outputs/tables/results/c4_protective_pilot_folds3_4_delta_vs_resunet.csv
/home/ubuntu/storage3/ER Segmentation/ER_IHC_Q1/outputs/tables/results/c4_protective_pilot_folds3_4_ranked.csv
